<?xml version="1.0" encoding="UTF-8"?>
<testsuite xmlns:xsi="http://www.w3.org/2001/XMLSchema-instance" xsi:noNamespaceSchemaLocation="https://maven.apache.org/surefire/maven-surefire-plugin/xsd/surefire-test-report-3.0.xsd" version="3.0" name="TestSuite" time="23.619" tests="4" errors="0" skipped="0" failures="1">
  <properties>
[...]
</properties>
  <testcase name="createPlayList" classname="com.spotify.tests.PlayListWithReusableCalls" time="17.44">
    <system-out><![CDATA[5th oct new Playlist
New thursday songs
AQCXZE4aABGLZx_OLj60vUjoztiHCjD0MEXdj25hAJR3f_hql_ETEiqTfESHaCsfNgQHQVvbIoRkqUhMexGIsBkNVGbLtnrbQrroOpuPi3xC3L87AZxk6jfJ8szDzGwnUJM
Request method:	POST
Request URI:	https://api.spotify.com/v1/users/31pgmat4yqipg6vdxvdnyz5n73fm/playlists
Proxy:			<none>
Request params:	<none>
Query params:	<none>
Form params:	<none>
Path params:	<none>
Headers:		Authorization=Bearer BQBFN30HACle5WRsyukV-YJDR5XGsIUt93NaOVnfimd3PQiggVDLdHTuKS1tH5sUFqP0isQyS41ZdGm16L8ttqLXlNeOylVGHaKlVT3kiSS6Hx9pLbAwvtgI1rzS_VXI7UjFyHvA_Mg_wevgm1Z3UY51fqHObkzou4AVV4HfZwNXyKD28jL7y4W5FrQ9qm9pliFWwcbxstIftlod8w0Xbbz8ms42TpFg4y_Q_nVUDULmHvvII9Lql6DQE7-knPqrwIZJS0ueDVhJDXpX
				Accept=*/*
				Content-Type=application/json
Cookies:		<none>
Multiparts:		<none>
Body:
{
    "description": "New thursday songs",
    "name": "5th oct new Playlist",
    "public": false
}
HTTP/1.1 201 Created
content-type: application/json; charset=utf-8
cache-control: private, max-age=0
location: https://api.spotify.com/v1/playlists/07RSGXo0P9i8jzZmxyaX2r
x-robots-tag: noindex, nofollow
access-control-allow-origin: *
access-control-allow-headers: Accept, App-Platform, Authorization, Content-Type, Origin, Retry-After, Spotify-App-Version, X-Cloud-Trace-Context, client-token, content-access-token
access-control-allow-methods: GET, POST, OPTIONS, PUT, DELETE, PATCH
access-control-allow-credentials: true
access-control-max-age: 604800
content-encoding: gzip
strict-transport-security: max-age=31536000
x-content-type-options: nosniff
date: Sat, 07 Oct 2023 02:53:42 GMT
server: envoy
Via: HTTP/2 edgeproxy, 1.1 google
Alt-Svc: h3=":443"; ma=2592000,h3-29=":443"; ma=2592000
Transfer-Encoding: chunked

{
    "collaborative": false,
    "description": "New thursday songs",
    "external_urls": {
        "spotify": "https://open.spotify.com/playlist/07RSGXo0P9i8jzZmxyaX2r"
    },
    "followers": {
        "href": null,
        "total": 0
    },
    "href": "https://api.spotify.com/v1/playlists/07RSGXo0P9i8jzZmxyaX2r",
    "id": "07RSGXo0P9i8jzZmxyaX2r",
    "images": [
        
    ],
    "name": "5th oct new Playlist",
    "owner": {
        "display_name": "Gourav",
        "external_urls": {
            "spotify": "https://open.spotify.com/user/31pgmat4yqipg6vdxvdnyz5n73fm"
        },
        "href": "https://api.spotify.com/v1/users/31pgmat4yqipg6vdxvdnyz5n73fm",
        "id": "31pgmat4yqipg6vdxvdnyz5n73fm",
        "type": "user",
        "uri": "spotify:user:31pgmat4yqipg6vdxvdnyz5n73fm"
    },
    "primary_color": null,
    "public": false,
    "snapshot_id": "MSxmMTYyNDQ1NjE3OTQyYjgwN2U5YjQxMWUzOGFlM2Y2ZWZlODUxZDg0",
    "tracks": {
        "href": "https://api.spotify.com/v1/playlists/07RSGXo0P9i8jzZmxyaX2r/tracks",
        "items": [
            
        ],
        "limit": 100,
        "next": null,
        "offset": 0,
        "previous": null,
        "total": 0
    },
    "type": "playlist",
    "uri": "spotify:playlist:07RSGXo0P9i8jzZmxyaX2r"
}
]]></system-out>
    <system-err><![CDATA[SLF4J: Failed to load class "org.slf4j.impl.StaticLoggerBinder".
SLF4J: Defaulting to no-operation (NOP) logger implementation
SLF4J: See http://www.slf4j.org/codes.html#StaticLoggerBinder for further details.
]]></system-err>
  </testcase>
  <testcase name="getAPlaylist" classname="com.spotify.tests.PlayListWithReusableCalls" time="0.789">
    <system-out><![CDATA[AQCXZE4aABGLZx_OLj60vUjoztiHCjD0MEXdj25hAJR3f_hql_ETEiqTfESHaCsfNgQHQVvbIoRkqUhMexGIsBkNVGbLtnrbQrroOpuPi3xC3L87AZxk6jfJ8szDzGwnUJM
Request method:	GET
Request URI:	https://api.spotify.com/v1/playlists/07RSGXo0P9i8jzZmxyaX2r
Proxy:			<none>
Request params:	<none>
Query params:	<none>
Form params:	<none>
Path params:	pid=07RSGXo0P9i8jzZmxyaX2r
Headers:		Authorization=Bearer BQCe2MepKjVytU-bJEGfBgQnGH2lF2APLQfqe-DUsb-C3QFcBzuiFvKvglCeMN_tIoPxqj2N507aR9wMZrnvcxzzFmSojzJIhvk7cUrGbFJEO-P-TcuKcrBBqUGBa0peW28-3BCSOk2ZSVMnBhBTlbxuTRRSDcrozc6O4iZucthlRg8ySBG5CtKH_hzVtMnx5Ou-Te4mCW4ou-i_G6-9kP9d8Chh1PlYRGaSA_LGcMgL-Hd7DEsI5g17V_-8hBCFvnFdhpAOdGF0-KA1
				Accept=*/*
				Content-Type=application/json
Cookies:		<none>
Multiparts:		<none>
Body:			<none>
HTTP/1.1 200 OK
content-type: application/json; charset=utf-8
cache-control: public, max-age=0
etag: "MC-IjE3MTVmNDI1NmRiMDNmOGE4ODYyNDZjMzczZWM4MzZmIg=="
x-robots-tag: noindex, nofollow
access-control-allow-origin: *
access-control-allow-headers: Accept, App-Platform, Authorization, Content-Type, Origin, Retry-After, Spotify-App-Version, X-Cloud-Trace-Context, client-token, content-access-token
access-control-allow-methods: GET, POST, OPTIONS, PUT, DELETE, PATCH
access-control-allow-credentials: true
access-control-max-age: 604800
content-encoding: gzip
strict-transport-security: max-age=31536000
x-content-type-options: nosniff
date: Sat, 07 Oct 2023 02:53:43 GMT
server: envoy
Via: HTTP/2 edgeproxy, 1.1 google
Alt-Svc: h3=":443"; ma=2592000,h3-29=":443"; ma=2592000
Transfer-Encoding: chunked

{
    "collaborative": false,
    "description": "New thursday songs",
    "external_urls": {
        "spotify": "https://open.spotify.com/playlist/07RSGXo0P9i8jzZmxyaX2r"
    },
    "followers": {
        "href": null,
        "total": 0
    },
    "href": "https://api.spotify.com/v1/playlists/07RSGXo0P9i8jzZmxyaX2r",
    "id": "07RSGXo0P9i8jzZmxyaX2r",
    "images": [
        
    ],
    "name": "5th oct new Playlist",
    "owner": {
        "display_name": "Gourav",
        "external_urls": {
            "spotify": "https://open.spotify.com/user/31pgmat4yqipg6vdxvdnyz5n73fm"
        },
        "href": "https://api.spotify.com/v1/users/31pgmat4yqipg6vdxvdnyz5n73fm",
        "id": "31pgmat4yqipg6vdxvdnyz5n73fm",
        "type": "user",
        "uri": "spotify:user:31pgmat4yqipg6vdxvdnyz5n73fm"
    },
    "primary_color": null,
    "public": false,
    "snapshot_id": "MixiNDE0MTg0MDM4OGFmNGM5MzVkZTZjN2MzN2U0YjMwZDc2YTQ3OGIz",
    "tracks": {
        "href": "https://api.spotify.com/v1/playlists/07RSGXo0P9i8jzZmxyaX2r/tracks?offset=0&limit=100",
        "items": [
            
        ],
        "limit": 100,
        "next": null,
        "offset": 0,
        "previous": null,
        "total": 0
    },
    "type": "playlist",
    "uri": "spotify:playlist:07RSGXo0P9i8jzZmxyaX2r"
}
New thursday songs
New thursday songs
]]></system-out>
  </testcase>
  <testcase name="validateUpdatePlaylist" classname="com.spotify.tests.PlayListWithReusableCalls" time="0.717">
    <failure message="expected [201] but found [200]" type="java.lang.AssertionError"><![CDATA[java.lang.AssertionError: expected [201] but found [200]
	at org.testng.Assert.fail(Assert.java:110)
	at org.testng.Assert.failNotEquals(Assert.java:1577)
	at org.testng.Assert.assertEqualsImpl(Assert.java:149)
	at org.testng.Assert.assertEquals(Assert.java:131)
	at org.testng.Assert.assertEquals(Assert.java:1418)
	at org.testng.Assert.assertEquals(Assert.java:1382)
	at org.testng.Assert.assertEquals(Assert.java:1428)
	at com.spotify.tests.PlayListWithReusableCalls.validateUpdatePlaylist(PlayListWithReusableCalls.java:85)
	at java.base/jdk.internal.reflect.NativeMethodAccessorImpl.invoke0(Native Method)
	at java.base/jdk.internal.reflect.NativeMethodAccessorImpl.invoke(NativeMethodAccessorImpl.java:77)
	at java.base/jdk.internal.reflect.DelegatingMethodAccessorImpl.invoke(DelegatingMethodAccessorImpl.java:43)
	at java.base/java.lang.reflect.Method.invoke(Method.java:568)
	at org.testng.internal.invokers.MethodInvocationHelper.invokeMethod(MethodInvocationHelper.java:139)
	at org.testng.internal.invokers.TestInvoker.invokeMethod(TestInvoker.java:677)
	at org.testng.internal.invokers.TestInvoker.invokeTestMethod(TestInvoker.java:221)
	at org.testng.internal.invokers.MethodRunner.runInSequence(MethodRunner.java:50)
	at org.testng.internal.invokers.TestInvoker$MethodInvocationAgent.invoke(TestInvoker.java:969)
	at org.testng.internal.invokers.TestInvoker.invokeTestMethods(TestInvoker.java:194)
	at org.testng.internal.invokers.TestMethodWorker.invokeTestMethods(TestMethodWorker.java:148)
	at org.testng.internal.invokers.TestMethodWorker.run(TestMethodWorker.java:128)
	at java.base/java.util.ArrayList.forEach(ArrayList.java:1511)
	at org.testng.TestRunner.privateRun(TestRunner.java:829)
	at org.testng.TestRunner.run(TestRunner.java:602)
	at org.testng.SuiteRunner.runTest(SuiteRunner.java:437)
	at org.testng.SuiteRunner.runSequentially(SuiteRunner.java:431)
	at org.testng.SuiteRunner.privateRun(SuiteRunner.java:391)
	at org.testng.SuiteRunner.run(SuiteRunner.java:330)
	at org.testng.SuiteRunnerWorker.runSuite(SuiteRunnerWorker.java:52)
	at org.testng.SuiteRunnerWorker.run(SuiteRunnerWorker.java:95)
	at org.testng.TestNG.runSuitesSequentially(TestNG.java:1256)
	at org.testng.TestNG.runSuitesLocally(TestNG.java:1176)
	at org.testng.TestNG.runSuites(TestNG.java:1099)
	at org.testng.TestNG.run(TestNG.java:1067)
	at org.apache.maven.surefire.testng.TestNGExecutor.run(TestNGExecutor.java:308)
	at org.apache.maven.surefire.testng.TestNGXmlTestSuite.execute(TestNGXmlTestSuite.java:71)
	at org.apache.maven.surefire.testng.TestNGProvider.invoke(TestNGProvider.java:113)
	at org.apache.maven.surefire.booter.ForkedBooter.runSuitesInProcess(ForkedBooter.java:385)
	at org.apache.maven.surefire.booter.ForkedBooter.execute(ForkedBooter.java:162)
	at org.apache.maven.surefire.booter.ForkedBooter.run(ForkedBooter.java:507)
	at org.apache.maven.surefire.booter.ForkedBooter.main(ForkedBooter.java:495)
]]></failure>
    <system-out><![CDATA[modified 5rd oct Playlist
modified description for thursday songs
AQCXZE4aABGLZx_OLj60vUjoztiHCjD0MEXdj25hAJR3f_hql_ETEiqTfESHaCsfNgQHQVvbIoRkqUhMexGIsBkNVGbLtnrbQrroOpuPi3xC3L87AZxk6jfJ8szDzGwnUJM
Request method:	PUT
Request URI:	https://api.spotify.com/v1/playlists/07RSGXo0P9i8jzZmxyaX2r
Proxy:			<none>
Request params:	<none>
Query params:	<none>
Form params:	<none>
Path params:	pid=07RSGXo0P9i8jzZmxyaX2r
Headers:		Authorization=Bearer BQC__RcWePWpk3gTbxDQ3T_FkF9h4JivatRyDVZve4jAKEs8wCjJVuH04yi467rJVT2LG_IOvMZzT1-Hf-OYIXnL31AO-xzpERTmO-07k01oaFzCu1KMG3fSUruW5Vm6S6bglozoY51q9fE-8HAqUcU_v8skKHnRPRfks-PjXqzGP8zhFOf5FSFmgm_nAZNNBlpI5FS81SCcV5Y4_DCE70hylcNnXW8Jrywf57myFKocuScm_p1IL9qeFpwDDLOg-Scvdc1j9NdcKAmR
				Accept=*/*
				Content-Type=application/json
Cookies:		<none>
Multiparts:		<none>
Body:
{
    "description": "modified description for thursday songs",
    "name": "modified 5rd oct Playlist",
    "public": false
}
HTTP/1.1 200 OK
cache-control: private, max-age=0
x-robots-tag: noindex, nofollow
access-control-allow-origin: *
access-control-allow-headers: Accept, App-Platform, Authorization, Content-Type, Origin, Retry-After, Spotify-App-Version, X-Cloud-Trace-Context, client-token, content-access-token
access-control-allow-methods: GET, POST, OPTIONS, PUT, DELETE, PATCH
access-control-allow-credentials: true
access-control-max-age: 604800
Content-Length: 0
strict-transport-security: max-age=31536000
x-content-type-options: nosniff
date: Sat, 07 Oct 2023 02:53:44 GMT
server: envoy
Via: HTTP/2 edgeproxy, 1.1 google
Alt-Svc: h3=":443"; ma=2592000,h3-29=":443"; ma=2592000
]]></system-out>
  </testcase>
  <testcase name="shouldNotBeAuthorized" classname="com.spotify.tests.PlaylistWithNegativeScenario" time="0.282">
    <system-out><![CDATA[Request method:	POST
Request URI:	https://api.spotify.com/v1/users/31pgmat4yqipg6vdxvdnyz5n73fm/playlists
Proxy:			<none>
Request params:	<none>
Query params:	<none>
Form params:	<none>
Path params:	<none>
Headers:		Authorization=Bearer akhdkajshdkjashdkjdhsajhdkahask
				Accept=*/*
				Content-Type=application/json
Cookies:		<none>
Multiparts:		<none>
Body:
{
    "description": "Wednesday songs",
    "name": "Invalid oct Playlist",
    "public": false
}
HTTP/1.1 401 Unauthorized
www-authenticate: Bearer realm="spotify", error="invalid_token", error_description="Invalid access token"
access-control-allow-origin: *
access-control-allow-headers: Accept, App-Platform, Authorization, Content-Type, Origin, Retry-After, Spotify-App-Version, X-Cloud-Trace-Context, client-token, content-access-token
access-control-allow-methods: GET, POST, OPTIONS, PUT, DELETE, PATCH
access-control-allow-credentials: true
access-control-max-age: 604800
content-type: application/json
content-encoding: gzip
strict-transport-security: max-age=31536000
x-content-type-options: nosniff
date: Sat, 07 Oct 2023 02:53:44 GMT
server: envoy
Via: HTTP/2 edgeproxy, 1.1 google
Alt-Svc: h3=":443"; ma=2592000,h3-29=":443"; ma=2592000
Transfer-Encoding: chunked

{
    "error": {
        "status": 401,
        "message": "Invalid access token"
    }
}
]]></system-out>
  </testcase>
</testsuite>